This is pdfTeX, Version 3.1415926-2.5-1.40.14 (TeX Live 2013/Debian) (format=pdflatex 2014.7.12)  3 MAY 2016 21:55
entering extended mode
 restricted \write18 enabled.
 %&-line parsing enabled.
**regression.tex
(./regression.tex
LaTeX2e <2011/06/27>
Babel <3.9h> and hyphenation patterns for 78 languages loaded.
(/usr/share/texlive/texmf-dist/tex/latex/base/article.cls
Document Class: article 2007/10/19 v1.4h Standard LaTeX document class
(/usr/share/texlive/texmf-dist/tex/latex/base/size10.clo
File: size10.clo 2007/10/19 v1.4h Standard LaTeX file (size option)
)
\c@part=\count79
\c@section=\count80
\c@subsection=\count81
\c@subsubsection=\count82
\c@paragraph=\count83
\c@subparagraph=\count84
\c@figure=\count85
\c@table=\count86
\abovecaptionskip=\skip41
\belowcaptionskip=\skip42
\bibindent=\dimen102
)
(/usr/share/texlive/texmf-dist/tex/latex/amsmath/amsmath.sty
Package: amsmath 2013/01/14 v2.14 AMS math features
\@mathmargin=\skip43

For additional information on amsmath, use the `?' option.
(/usr/share/texlive/texmf-dist/tex/latex/amsmath/amstext.sty
Package: amstext 2000/06/29 v2.01

(/usr/share/texlive/texmf-dist/tex/latex/amsmath/amsgen.sty
File: amsgen.sty 1999/11/30 v2.0
\@emptytoks=\toks14
\ex@=\dimen103
))
(/usr/share/texlive/texmf-dist/tex/latex/amsmath/amsbsy.sty
Package: amsbsy 1999/11/29 v1.2d
\pmbraise@=\dimen104
)
(/usr/share/texlive/texmf-dist/tex/latex/amsmath/amsopn.sty
Package: amsopn 1999/12/14 v2.01 operator names
)
\inf@bad=\count87
LaTeX Info: Redefining \frac on input line 210.
\uproot@=\count88
\leftroot@=\count89
LaTeX Info: Redefining \overline on input line 306.
\classnum@=\count90
\DOTSCASE@=\count91
LaTeX Info: Redefining \ldots on input line 378.
LaTeX Info: Redefining \dots on input line 381.
LaTeX Info: Redefining \cdots on input line 466.
\Mathstrutbox@=\box26
\strutbox@=\box27
\big@size=\dimen105
LaTeX Font Info:    Redeclaring font encoding OML on input line 566.
LaTeX Font Info:    Redeclaring font encoding OMS on input line 567.
\macc@depth=\count92
\c@MaxMatrixCols=\count93
\dotsspace@=\muskip10
\c@parentequation=\count94
\dspbrk@lvl=\count95
\tag@help=\toks15
\row@=\count96
\column@=\count97
\maxfields@=\count98
\andhelp@=\toks16
\eqnshift@=\dimen106
\alignsep@=\dimen107
\tagshift@=\dimen108
\tagwidth@=\dimen109
\totwidth@=\dimen110
\lineht@=\dimen111
\@envbody=\toks17
\multlinegap=\skip44
\multlinetaggap=\skip45
\mathdisplay@stack=\toks18
LaTeX Info: Redefining \[ on input line 2665.
LaTeX Info: Redefining \] on input line 2666.
)
(/usr/share/texlive/texmf-dist/tex/latex/amsfonts/amssymb.sty
Package: amssymb 2013/01/14 v3.01 AMS font symbols

(/usr/share/texlive/texmf-dist/tex/latex/amsfonts/amsfonts.sty
Package: amsfonts 2013/01/14 v3.01 Basic AMSFonts support
\symAMSa=\mathgroup4
\symAMSb=\mathgroup5
LaTeX Font Info:    Overwriting math alphabet `\mathfrak' in version `bold'
(Font)                  U/euf/m/n --> U/euf/b/n on input line 106.
))
(/usr/share/texlive/texmf-dist/tex/latex/amscls/amsthm.sty
Package: amsthm 2004/08/06 v2.20
\thm@style=\toks19
\thm@bodyfont=\toks20
\thm@headfont=\toks21
\thm@notefont=\toks22
\thm@headpunct=\toks23
\thm@preskip=\skip46
\thm@postskip=\skip47
\thm@headsep=\skip48
\dth@everypar=\toks24
)
(/usr/share/texlive/texmf-dist/tex/latex/graphics/color.sty
Package: color 2005/11/14 v1.0j Standard LaTeX Color (DPC)

(/usr/share/texlive/texmf-dist/tex/latex/latexconfig/color.cfg
File: color.cfg 2007/01/18 v1.5 color configuration of teTeX/TeXLive
)
Package color Info: Driver file: pdftex.def on input line 130.

(/usr/share/texlive/texmf-dist/tex/latex/pdftex-def/pdftex.def
File: pdftex.def 2011/05/27 v0.06d Graphics/color for pdfTeX

(/usr/share/texlive/texmf-dist/tex/generic/oberdiek/infwarerr.sty
Package: infwarerr 2010/04/08 v1.3 Providing info/warning/error messages (HO)
)
(/usr/share/texlive/texmf-dist/tex/generic/oberdiek/ltxcmds.sty
Package: ltxcmds 2011/11/09 v1.22 LaTeX kernel commands for general use (HO)
)
\Gread@gobject=\count99
))
(/usr/share/texlive/texmf-dist/tex/latex/graphics/graphicx.sty
Package: graphicx 1999/02/16 v1.0f Enhanced LaTeX Graphics (DPC,SPQR)

(/usr/share/texlive/texmf-dist/tex/latex/graphics/keyval.sty
Package: keyval 1999/03/16 v1.13 key=value parser (DPC)
\KV@toks@=\toks25
)
(/usr/share/texlive/texmf-dist/tex/latex/graphics/graphics.sty
Package: graphics 2009/02/05 v1.0o Standard LaTeX Graphics (DPC,SPQR)

(/usr/share/texlive/texmf-dist/tex/latex/graphics/trig.sty
Package: trig 1999/03/16 v1.09 sin cos tan (DPC)
)
(/usr/share/texlive/texmf-dist/tex/latex/latexconfig/graphics.cfg
File: graphics.cfg 2010/04/23 v1.9 graphics configuration of TeX Live
)
Package graphics Info: Driver file: pdftex.def on input line 91.
)
\Gin@req@height=\dimen112
\Gin@req@width=\dimen113
)
(/usr/share/texlive/texmf-dist/tex/latex/tools/enumerate.sty
Package: enumerate 1999/03/05 v3.00 enumerate extensions (DPC)
\@enLab=\toks26
) (./regression.aux

LaTeX Warning: Label `lamport94' multiply defined.

)
\openout1 = `regression.aux'.

LaTeX Font Info:    Checking defaults for OML/cmm/m/it on input line 30.
LaTeX Font Info:    ... okay on input line 30.
LaTeX Font Info:    Checking defaults for T1/cmr/m/n on input line 30.
LaTeX Font Info:    ... okay on input line 30.
LaTeX Font Info:    Checking defaults for OT1/cmr/m/n on input line 30.
LaTeX Font Info:    ... okay on input line 30.
LaTeX Font Info:    Checking defaults for OMS/cmsy/m/n on input line 30.
LaTeX Font Info:    ... okay on input line 30.
LaTeX Font Info:    Checking defaults for OMX/cmex/m/n on input line 30.
LaTeX Font Info:    ... okay on input line 30.
LaTeX Font Info:    Checking defaults for U/cmr/m/n on input line 30.
LaTeX Font Info:    ... okay on input line 30.
 (/usr/share/texlive/texmf-dist/tex/context/base/supp-pdf.mkii
[Loading MPS to PDF converter (version 2006.09.02).]
\scratchcounter=\count100
\scratchdimen=\dimen114
\scratchbox=\box28
\nofMPsegments=\count101
\nofMParguments=\count102
\everyMPshowfont=\toks27
\MPscratchCnt=\count103
\MPscratchDim=\dimen115
\MPnumerator=\count104
\makeMPintoPDFobject=\count105
\everyMPtoPDFconversion=\toks28
) (/usr/share/texlive/texmf-dist/tex/generic/oberdiek/pdftexcmds.sty
Package: pdftexcmds 2011/11/29 v0.20 Utility functions of pdfTeX for LuaTeX (HO
)

(/usr/share/texlive/texmf-dist/tex/generic/oberdiek/ifluatex.sty
Package: ifluatex 2010/03/01 v1.3 Provides the ifluatex switch (HO)
Package ifluatex Info: LuaTeX not detected.
)
(/usr/share/texlive/texmf-dist/tex/generic/oberdiek/ifpdf.sty
Package: ifpdf 2011/01/30 v2.3 Provides the ifpdf switch (HO)
Package ifpdf Info: pdfTeX in PDF mode is detected.
)
Package pdftexcmds Info: LuaTeX not detected.
Package pdftexcmds Info: \pdf@primitive is available.
Package pdftexcmds Info: \pdf@ifprimitive is available.
Package pdftexcmds Info: \pdfdraftmode found.
)
(/usr/share/texlive/texmf-dist/tex/latex/oberdiek/epstopdf-base.sty
Package: epstopdf-base 2010/02/09 v2.5 Base part for package epstopdf

(/usr/share/texlive/texmf-dist/tex/latex/oberdiek/grfext.sty
Package: grfext 2010/08/19 v1.1 Manage graphics extensions (HO)

(/usr/share/texlive/texmf-dist/tex/generic/oberdiek/kvdefinekeys.sty
Package: kvdefinekeys 2011/04/07 v1.3 Define keys (HO)
))
(/usr/share/texlive/texmf-dist/tex/latex/oberdiek/kvoptions.sty
Package: kvoptions 2011/06/30 v3.11 Key value format for package options (HO)

(/usr/share/texlive/texmf-dist/tex/generic/oberdiek/kvsetkeys.sty
Package: kvsetkeys 2012/04/25 v1.16 Key value parser (HO)

(/usr/share/texlive/texmf-dist/tex/generic/oberdiek/etexcmds.sty
Package: etexcmds 2011/02/16 v1.5 Avoid name clashes with e-TeX commands (HO)
Package etexcmds Info: Could not find \expanded.
(etexcmds)             That can mean that you are not using pdfTeX 1.50 or
(etexcmds)             that some package has redefined \expanded.
(etexcmds)             In the latter case, load this package earlier.
)))
Package grfext Info: Graphics extension search list:
(grfext)             [.png,.pdf,.jpg,.mps,.jpeg,.jbig2,.jb2,.PNG,.PDF,.JPG,.JPE
G,.JBIG2,.JB2,.eps]
(grfext)             \AppendGraphicsExtensions on input line 452.

(/usr/share/texlive/texmf-dist/tex/latex/latexconfig/epstopdf-sys.cfg
File: epstopdf-sys.cfg 2010/07/13 v1.3 Configuration of (r)epstopdf for TeX Liv
e
))
LaTeX Font Info:    Try loading font information for U+msa on input line 31.

(/usr/share/texlive/texmf-dist/tex/latex/amsfonts/umsa.fd
File: umsa.fd 2013/01/14 v3.01 AMS symbols A
)
LaTeX Font Info:    Try loading font information for U+msb on input line 31.

(/usr/share/texlive/texmf-dist/tex/latex/amsfonts/umsb.fd
File: umsb.fd 2013/01/14 v3.01 AMS symbols B
) (./regression.toc)
\tf@toc=\write3
\openout3 = `regression.toc'.


[1

{/var/lib/texmf/fonts/map/pdftex/updmap/pdftex.map}]
<g1.png, id=13, 381.67593pt x 236.38312pt>
File: g1.png Graphic file (type png)
 <use g1.png>
Package pdftex.def Info: g1.png used on input line 56.
(pdftex.def)             Requested size: 305.34116pt x 189.10675pt.

<g3.png, id=14, 331.2375pt x 171.64125pt>
File: g3.png Graphic file (type png)
 <use g3.png>
Package pdftex.def Info: g3.png used on input line 61.
(pdftex.def)             Requested size: 264.99034pt x 137.31316pt.

<g2.png, id=15, 498.86375pt x 363.3575pt>
File: g2.png Graphic file (type png)
 <use g2.png>
Package pdftex.def Info: g2.png used on input line 69.
(pdftex.def)             Requested size: 199.54196pt x 145.34041pt.

<g4.png, id=16, 498.86375pt x 363.3575pt>
File: g4.png Graphic file (type png)
 <use g4.png>
Package pdftex.def Info: g4.png used on input line 70.
(pdftex.def)             Requested size: 199.54196pt x 145.34041pt.
 [2 <./g1.png> <./g3.png>] <g6.png, id=21, 498.86375pt x 363.3575pt>
File: g6.png Graphic file (type png)
 <use g6.png>
Package pdftex.def Info: g6.png used on input line 75.
(pdftex.def)             Requested size: 249.43126pt x 181.6783pt.

<g5.png, id=22, 498.86375pt x 363.3575pt>
File: g5.png Graphic file (type png)
 <use g5.png>
Package pdftex.def Info: g5.png used on input line 80.
(pdftex.def)             Requested size: 199.54196pt x 145.34041pt.

<g7_ny.png, id=23, 498.86375pt x 363.3575pt>
File: g7_ny.png Graphic file (type png)
 <use g7_ny.png>
Package pdftex.def Info: g7_ny.png used on input line 90.
(pdftex.def)             Requested size: 139.6809pt x 101.7394pt.

<g8_la.png, id=24, 498.86375pt x 363.3575pt>
File: g8_la.png Graphic file (type png)
 <use g8_la.png>
Package pdftex.def Info: g8_la.png used on input line 91.
(pdftex.def)             Requested size: 139.6809pt x 101.7394pt.

<g9_chi.png, id=25, 498.86375pt x 363.3575pt>
File: g9_chi.png Graphic file (type png)
 <use g9_chi.png>
Package pdftex.def Info: g9_chi.png used on input line 92.
(pdftex.def)             Requested size: 139.6809pt x 101.7394pt.
 [3 <./g2.png (PNG copy)> <./g4.png (PNG copy)> <./g6.png (PNG copy)> <./g5.png
 (PNG copy)>]
LaTeX Font Info:    Try loading font information for OMS+cmr on input line 113.


(/usr/share/texlive/texmf-dist/tex/latex/base/omscmr.fd
File: omscmr.fd 1999/05/25 v2.5h Standard LaTeX font definitions
)
LaTeX Font Info:    Font shape `OMS/cmr/m/n' in size <10> not available
(Font)              Font shape `OMS/cmsy/m/n' tried instead on input line 113.

<g10.png, id=29, 421.575pt x 303.38344pt>
File: g10.png Graphic file (type png)
 <use g10.png>
Package pdftex.def Info: g10.png used on input line 140.
(pdftex.def)             Requested size: 337.26045pt x 242.70708pt.
 [4 <./g7_ny.png (PNG copy)> <./g8_la.png (PNG copy)> <./g9_chi.png (PNG copy)>
]
<g14.png, id=37, 417.05812pt x 197.98969pt>
File: g14.png Graphic file (type png)
 <use g14.png>
Package pdftex.def Info: g14.png used on input line 151.
(pdftex.def)             Requested size: 333.64694pt x 158.39195pt.
 [5 <./g10.png> <./g14.png>] <g13.png, id=43, 197.98969pt x 204.765pt>
File: g13.png Graphic file (type png)
 <use g13.png>
Package pdftex.def Info: g13.png used on input line 163.
(pdftex.def)             Requested size: 158.39195pt x 163.8122pt.

<g20.png, id=44, 360.59718pt x 64.74188pt>
File: g20.png Graphic file (type png)
 <use g20.png>
Package pdftex.def Info: g20.png used on input line 173.
(pdftex.def)             Requested size: 288.47813pt x 51.79356pt.

<g21.png, id=45, 307.90031pt x 73.77562pt>
File: g21.png Graphic file (type png)
 <use g21.png>
Package pdftex.def Info: g21.png used on input line 182.
(pdftex.def)             Requested size: 246.32057pt x 59.02055pt.
 [6 <./g13.png> <./g20.png> <./g21.png>] <g16.png, id=49, 498.86375pt x 363.357
5pt>
File: g16.png Graphic file (type png)
 <use g16.png>
Package pdftex.def Info: g16.png used on input line 193.
(pdftex.def)             Requested size: 199.54196pt x 145.34041pt.

<g15.png, id=50, 498.86375pt x 363.3575pt>
File: g15.png Graphic file (type png)
 <use g15.png>
Package pdftex.def Info: g15.png used on input line 198.
(pdftex.def)             Requested size: 199.54196pt x 145.34041pt.

<g17.png, id=51, 498.86375pt x 363.3575pt>
File: g17.png Graphic file (type png)
 <use g17.png>
Package pdftex.def Info: g17.png used on input line 206.
(pdftex.def)             Requested size: 199.54196pt x 145.34041pt.
 [7 <./g16.png (PNG copy)> <./g15.png (PNG copy)> <./g17.png (PNG copy)>]
<g18.png, id=56, 498.86375pt x 363.3575pt>
File: g18.png Graphic file (type png)
 <use g18.png>
Package pdftex.def Info: g18.png used on input line 217.
(pdftex.def)             Requested size: 249.43126pt x 181.6783pt.

<g19.png, id=57, 421.575pt x 269.50688pt>
File: g19.png Graphic file (type png)
 <use g19.png>
Package pdftex.def Info: g19.png used on input line 228.
(pdftex.def)             Requested size: 337.26045pt x 215.60579pt.
 [8 <./g18.png (PNG copy)> <./g19.png>] <g22.png, id=61, 420.06938pt x 213.0459
4pt>
File: g22.png Graphic file (type png)
 <use g22.png>
Package pdftex.def Info: g22.png used on input line 239.
(pdftex.def)             Requested size: 336.05597pt x 170.43697pt.
File: g22.png Graphic file (type png)

<use g22.png>
Package pdftex.def Info: g22.png used on input line 248.
(pdftex.def)             Requested size: 336.05597pt x 170.43697pt.
 [9 <./g22.png>]
Underfull \hbox (badness 10000) in paragraph at lines 279--280

 []


Underfull \hbox (badness 10000) in paragraph at lines 301--302
[]\OT1/cmr/m/n/10 STAT 104 Quan-ti-ta-tive Meth-ods for Economists. 2016. Datas
et taken from
 []

[10] (./regression.aux)

LaTeX Warning: There were multiply-defined labels.

 ) 
Here is how much of TeX's memory you used:
 2648 strings out of 493304
 34603 string characters out of 6139871
 98510 words of memory out of 5000000
 6038 multiletter control sequences out of 15000+600000
 12752 words of font info for 50 fonts, out of 8000000 for 9000
 957 hyphenation exceptions out of 8191
 37i,7n,26p,621b,271s stack positions out of 5000i,500n,10000p,200000b,80000s
</usr/share/texlive/texmf-dist/fonts/type1/public/amsfonts/cm/cmbx10.pfb></us
r/share/texlive/texmf-dist/fonts/type1/public/amsfonts/cm/cmbx12.pfb></usr/shar
e/texlive/texmf-dist/fonts/type1/public/amsfonts/cm/cmbx9.pfb></usr/share/texli
ve/texmf-dist/fonts/type1/public/amsfonts/cm/cmmi10.pfb></usr/share/texlive/tex
mf-dist/fonts/type1/public/amsfonts/cm/cmmi7.pfb></usr/share/texlive/texmf-dist
/fonts/type1/public/amsfonts/cm/cmr10.pfb></usr/share/texlive/texmf-dist/fonts/
type1/public/amsfonts/cm/cmr12.pfb></usr/share/texlive/texmf-dist/fonts/type1/p
ublic/amsfonts/cm/cmr7.pfb></usr/share/texlive/texmf-dist/fonts/type1/public/am
sfonts/cm/cmr9.pfb></usr/share/texlive/texmf-dist/fonts/type1/public/amsfonts/c
m/cmsy10.pfb></usr/share/texlive/texmf-dist/fonts/type1/public/amsfonts/cm/cmtt
10.pfb></usr/share/texlive/texmf-dist/fonts/type1/public/amsfonts/cm/cmtt9.pfb>

Output written on regression.pdf (10 pages, 460845 bytes).
PDF statistics:
 107 PDF objects out of 1000 (max. 8388607)
 61 compressed objects within 1 object stream
 0 named destinations out of 1000 (max. 500000)
 101 words of extra memory for PDF output out of 10000 (max. 10000000)

